<?xml version="1.0" encoding="UTF-8"?>
<!-- Generated by org.testng.reporters.JUnitReportReporter -->
<testsuite skipped="0" hostname="home" name="com.demo.selenium.SelectClassEx" tests="1" failures="0" timestamp="2021-06-28T20:24:46 IST" time="14.834" errors="0">
  <testcase name="openSelects" time="14.834" classname="com.demo.selenium.SelectClassEx"/>
  <system-out/>
</testsuite> <!-- com.demo.selenium.SelectClassEx -->
