<?xml version="1.0" encoding="UTF-8"?>
<!-- Generated by org.testng.reporters.JUnitReportReporter -->
<testsuite skipped="0" hostname="home" name="com.demo.selenium.CheckBoxSeleniumDemo" tests="1" failures="0" timestamp="2021-06-29T20:01:11 IST" time="16.651" errors="0">
  <testcase name="verifyCheckBox" time="16.651" classname="com.demo.selenium.CheckBoxSeleniumDemo"/>
  <system-out/>
</testsuite> <!-- com.demo.selenium.CheckBoxSeleniumDemo -->
